<?xml version="1.0" encoding="UTF-8"?>
<!-- Generated by org.testng.reporters.JUnitXMLReporter -->
<testsuite ignored="0" hostname="DESKTOP-BITAJKN" failures="0" tests="3" name="Default test" time="26.77" errors="0" timestamp="2023-09-12T16:07:27 IST">
  <testcase classname="otherFramework.OracleAccountDataProvider" name="oracleAccount" time="4.258"/>
  <testcase classname="otherFramework.OracleAccountDataProvider" name="oracleAccount" time="4.101"/>
  <testcase classname="otherFramework.OracleAccountDataProvider" name="oracleAccount" time="3.704"/>
</testsuite> <!-- Default test -->
