<?xml version="1.0" encoding="UTF-8"?>
<testng-results ignored="0" total="3" passed="3" failed="0" skipped="0">
  <reporter-output>
  </reporter-output>
  <suite started-at="2023-09-12T16:07:00 IST" name="Default suite" finished-at="2023-09-12T16:07:27 IST" duration-ms="26770">
    <groups>
    </groups>
    <test started-at="2023-09-12T16:07:00 IST" name="Default test" finished-at="2023-09-12T16:07:27 IST" duration-ms="26770">
      <class name="otherFramework.OracleAccountDataProvider">
        <test-method is-config="true" signature="bsconfiguration()[pri:0, instance:otherFramework.OracleAccountDataProvider@5d0bf09b]" started-at="2023-09-12T16:07:00 IST" name="bsconfiguration" finished-at="2023-09-12T16:07:00 IST" duration-ms="21" status="PASS">
          <reporter-output>
          </reporter-output>
        </test-method> <!-- bsconfiguration -->
        <test-method is-config="true" signature="bcConfiguration()[pri:0, instance:otherFramework.OracleAccountDataProvider@5d0bf09b]" started-at="2023-09-12T16:07:00 IST" name="bcConfiguration" finished-at="2023-09-12T16:07:14 IST" duration-ms="14046" status="PASS">
          <reporter-output>
          </reporter-output>
        </test-method> <!-- bcConfiguration -->
        <test-method is-config="true" signature="bmConfiguration()[pri:0, instance:otherFramework.OracleAccountDataProvider@5d0bf09b]" started-at="2023-09-12T16:07:14 IST" name="bmConfiguration" finished-at="2023-09-12T16:07:14 IST" duration-ms="1" status="PASS">
          <reporter-output>
          </reporter-output>
        </test-method> <!-- bmConfiguration -->
        <test-method signature="oracleAccount(java.lang.String,java.lang.String,java.lang.String,java.lang.String,java.lang.String,java.lang.String,java.lang.String,java.lang.String,java.lang.String,java.lang.String,java.lang.String,int,java.lang.String)[pri:0, instance:otherFramework.OracleAccountDataProvider@5d0bf09b]" started-at="2023-09-12T16:07:14 IST" name="oracleAccount" data-provider="getdata" finished-at="2023-09-12T16:07:19 IST" duration-ms="4258" status="PASS">
          <params>
            <param index="0">
              <value>
                <![CDATA[bhagya@gmil.com]]>
              </value>
            </param>
            <param index="1">
              <value>
                <![CDATA[Nammamma]]>
              </value>
            </param>
            <param index="2">
              <value>
                <![CDATA[Namamma]]>
              </value>
            </param>
            <param index="3">
              <value>
                <![CDATA[India]]>
              </value>
            </param>
            <param index="4">
              <value>
                <![CDATA[Nnhini]]>
              </value>
            </param>
            <param index="5">
              <value>
                <![CDATA[Kadamba]]>
              </value>
            </param>
            <param index="6">
              <value>
                <![CDATA[Priest]]>
              </value>
            </param>
            <param index="7">
              <value>
                <![CDATA[7894561230]]>
              </value>
            </param>
            <param index="8">
              <value>
                <![CDATA[Chamundeshwari temple]]>
              </value>
            </param>
            <param index="9">
              <value>
                <![CDATA[Kembathalli]]>
              </value>
            </param>
            <param index="10">
              <value>
                <![CDATA[Bangalore]]>
              </value>
            </param>
            <param index="11">
              <value>
                <![CDATA[17]]>
              </value>
            </param>
            <param index="12">
              <value>
                <![CDATA[560702]]>
              </value>
            </param>
          </params>
          <reporter-output>
          </reporter-output>
        </test-method> <!-- oracleAccount -->
        <test-method is-config="true" signature="amConfiguration()[pri:0, instance:otherFramework.OracleAccountDataProvider@5d0bf09b]" started-at="2023-09-12T16:07:19 IST" name="amConfiguration" finished-at="2023-09-12T16:07:19 IST" duration-ms="0" status="PASS">
          <reporter-output>
          </reporter-output>
        </test-method> <!-- amConfiguration -->
        <test-method is-config="true" signature="bmConfiguration()[pri:0, instance:otherFramework.OracleAccountDataProvider@5d0bf09b]" started-at="2023-09-12T16:07:19 IST" name="bmConfiguration" finished-at="2023-09-12T16:07:19 IST" duration-ms="1" status="PASS">
          <reporter-output>
          </reporter-output>
        </test-method> <!-- bmConfiguration -->
        <test-method signature="oracleAccount(java.lang.String,java.lang.String,java.lang.String,java.lang.String,java.lang.String,java.lang.String,java.lang.String,java.lang.String,java.lang.String,java.lang.String,java.lang.String,int,java.lang.String)[pri:0, instance:otherFramework.OracleAccountDataProvider@5d0bf09b]" started-at="2023-09-12T16:07:19 IST" name="oracleAccount" data-provider="getdata" finished-at="2023-09-12T16:07:23 IST" duration-ms="4101" status="PASS">
          <params>
            <param index="0">
              <value>
                <![CDATA[bhaya@gmil.com]]>
              </value>
            </param>
            <param index="1">
              <value>
                <![CDATA[Namo]]>
              </value>
            </param>
            <param index="2">
              <value>
                <![CDATA[Namo]]>
              </value>
            </param>
            <param index="3">
              <value>
                <![CDATA[India]]>
              </value>
            </param>
            <param index="4">
              <value>
                <![CDATA[Paramananda]]>
              </value>
            </param>
            <param index="5">
              <value>
                <![CDATA[Shiva]]>
              </value>
            </param>
            <param index="6">
              <value>
                <![CDATA[Poet]]>
              </value>
            </param>
            <param index="7">
              <value>
                <![CDATA[7894561240]]>
              </value>
            </param>
            <param index="8">
              <value>
                <![CDATA[Chanrayana publications]]>
              </value>
            </param>
            <param index="9">
              <value>
                <![CDATA[Mysore Tech Park]]>
              </value>
            </param>
            <param index="10">
              <value>
                <![CDATA[Raichur]]>
              </value>
            </param>
            <param index="11">
              <value>
                <![CDATA[18]]>
              </value>
            </param>
            <param index="12">
              <value>
                <![CDATA[560894]]>
              </value>
            </param>
          </params>
          <reporter-output>
          </reporter-output>
        </test-method> <!-- oracleAccount -->
        <test-method is-config="true" signature="amConfiguration()[pri:0, instance:otherFramework.OracleAccountDataProvider@5d0bf09b]" started-at="2023-09-12T16:07:23 IST" name="amConfiguration" finished-at="2023-09-12T16:07:23 IST" duration-ms="0" status="PASS">
          <reporter-output>
          </reporter-output>
        </test-method> <!-- amConfiguration -->
        <test-method signature="oracleAccount(java.lang.String,java.lang.String,java.lang.String,java.lang.String,java.lang.String,java.lang.String,java.lang.String,java.lang.String,java.lang.String,java.lang.String,java.lang.String,int,java.lang.String)[pri:0, instance:otherFramework.OracleAccountDataProvider@5d0bf09b]" started-at="2023-09-12T16:07:23 IST" name="oracleAccount" data-provider="getdata" finished-at="2023-09-12T16:07:26 IST" duration-ms="3704" status="PASS">
          <params>
            <param index="0">
              <value>
                <![CDATA[vatahma@gmil.com]]>
              </value>
            </param>
            <param index="1">
              <value>
                <![CDATA[Ambrutha]]>
              </value>
            </param>
            <param index="2">
              <value>
                <![CDATA[Ambrutha]]>
              </value>
            </param>
            <param index="3">
              <value>
                <![CDATA[India]]>
              </value>
            </param>
            <param index="4">
              <value>
                <![CDATA[Mohana]]>
              </value>
            </param>
            <param index="5">
              <value>
                <![CDATA[Anand]]>
              </value>
            </param>
            <param index="6">
              <value>
                <![CDATA[doctor]]>
              </value>
            </param>
            <param index="7">
              <value>
                <![CDATA[7894556123]]>
              </value>
            </param>
            <param index="8">
              <value>
                <![CDATA[Apallo]]>
              </value>
            </param>
            <param index="9">
              <value>
                <![CDATA[Bannergatta]]>
              </value>
            </param>
            <param index="10">
              <value>
                <![CDATA[Tarikere]]>
              </value>
            </param>
            <param index="11">
              <value>
                <![CDATA[18]]>
              </value>
            </param>
            <param index="12">
              <value>
                <![CDATA[512307]]>
              </value>
            </param>
          </params>
          <reporter-output>
          </reporter-output>
        </test-method> <!-- oracleAccount -->
        <test-method is-config="true" signature="bmConfiguration()[pri:0, instance:otherFramework.OracleAccountDataProvider@5d0bf09b]" started-at="2023-09-12T16:07:23 IST" name="bmConfiguration" finished-at="2023-09-12T16:07:23 IST" duration-ms="0" status="PASS">
          <reporter-output>
          </reporter-output>
        </test-method> <!-- bmConfiguration -->
        <test-method is-config="true" signature="amConfiguration()[pri:0, instance:otherFramework.OracleAccountDataProvider@5d0bf09b]" started-at="2023-09-12T16:07:26 IST" name="amConfiguration" finished-at="2023-09-12T16:07:26 IST" duration-ms="1" status="PASS">
          <reporter-output>
          </reporter-output>
        </test-method> <!-- amConfiguration -->
        <test-method is-config="true" signature="acConfiguration()[pri:0, instance:otherFramework.OracleAccountDataProvider@5d0bf09b]" started-at="2023-09-12T16:07:26 IST" name="acConfiguration" finished-at="2023-09-12T16:07:27 IST" duration-ms="523" status="PASS">
          <reporter-output>
          </reporter-output>
        </test-method> <!-- acConfiguration -->
        <test-method is-config="true" signature="asConfiguration()[pri:0, instance:otherFramework.OracleAccountDataProvider@5d0bf09b]" started-at="2023-09-12T16:07:27 IST" name="asConfiguration" finished-at="2023-09-12T16:07:27 IST" duration-ms="0" status="PASS">
          <reporter-output>
          </reporter-output>
        </test-method> <!-- asConfiguration -->
      </class> <!-- otherFramework.OracleAccountDataProvider -->
    </test> <!-- Default test -->
  </suite> <!-- Default suite -->
</testng-results>
